<?xml version="1.0" encoding="UTF-8"?>

<beans xmlns="http://www.springframework.org/schema/beans"
	    xmlns:xsi="http://www.w3.org/2001/XMLSchema-instance"
	    xmlns:jaxws="http://cxf.apache.org/jaxws"
	    xmlns:p="http://www.springframework.org/schema/p" 
	    xmlns:context="http://www.springframework.org/schema/context"
	    xmlns:mvc="http://www.springframework.org/schema/mvc"
	        xsi:schemaLocation="
 
	http://www.springframework.org/schema/beans	 
	http://www.springframework.org/schema/beans/spring-beans-3.0.xsd
	 
	http://www.springframework.org/schema/mvc	 
	http://www.springframework.org/schema/mvc/spring-mvc-3.0.xsd
	
	http://www.springframework.org/schema/context
	http://www.springframework.org/schema/context/spring-context-3.0.xsd
	
	http://cxf.apache.org/jaxws 
	http://cxf.apache.org/schemas/jaxws.xsd">
 


	  <!-- pcm-services.xml -->
	  <!-- Make the injection of the PodcastDao interface into the implementation of the P -->
	  <bean id="podcastService" class="org.podcastpedia.web.podcasts.PodcastServiceImpl" />
<!-- 	      
	    <property name="podcastDao" ref="podcastDao" />
	  </bean>
 -->	  
	  
 	<bean id="podcastmaniaSOAPWSImpl" class="eu.podcastmania.cxf.soap.PodcastmaniaSOAPWSImpl">
 		<property name="podcastService" ref="podcastService" />
 	</bean>

 	
	 <!-- ========================= MyBATIS configuration ========================= -->
	<bean id="podcastDao" class="org.mybatis.spring.mapper.MapperFactoryBean">
	   <property name="mapperInterface" value="org.podcastpedia.web.podcasts.PodcastDao" />
	</bean>
	<bean id="categoryDao" class="org.mybatis.spring.mapper.MapperFactoryBean">
	   <property name="mapperInterface" value="org.podcastpedia.web.categories.CategoryDao" />
	</bean>		
	<bean id="userInteractionDao" class="org.mybatis.spring.mapper.MapperFactoryBean">
	   <property name="mapperInterface" value="org.podcastpedia.web.userinteraction.UserInteractionDao" />
	</bean>			
	 <bean id="sqlSessionFactory" class="org.mybatis.spring.SqlSessionFactoryBean">
		<property name="dataSource" ref="dataSource" />
		<property name="configLocation" value="classpath:config/mybatisV3-config.xml"/>
	 </bean>	
		 
	<!-- ========================= RESOURCE DEFINITIONS ========================= -->

    <!-- import the dataSource definition -->
    <import resource="data-source.xml"/>   

</beans>
